Start testing: Apr 16 11:53 Newfoundland Summer Time
----------------------------------------------------------
1/15 Testing: test_smoke
1/15 Test: test_smoke
Command: "C:/Users/AbhinavPutta/Desktop/projects/oreoCAD/oreo-kernel/build_msvc/Release/test_smoke.exe"
Directory: C:/Users/AbhinavPutta/Desktop/projects/oreoCAD/oreo-kernel/build_msvc
"test_smoke" start time: Apr 16 11:53 Newfoundland Summer Time
Output:
----------------------------------------------------------
Running main() from C:\vcpkg\buildtrees\gtest\src\v1.17.0-0c449efaff.clean\googletest\src\gtest_main.cc
[==========] Running 2 tests from 1 test suite.
[----------] Global test environment set-up.
[----------] 2 tests from Smoke
[ RUN      ] Smoke.OcctMakeBox
[       OK ] Smoke.OcctMakeBox (0 ms)
[ RUN      ] Smoke.GTestWorks
[       OK ] Smoke.GTestWorks (0 ms)
[----------] 2 tests from Smoke (0 ms total)

[----------] Global test environment tear-down
[==========] 2 tests from 1 test suite ran. (0 ms total)
[  PASSED  ] 2 tests.
<end of output>
Test time =   0.02 sec
----------------------------------------------------------
Test Passed.
"test_smoke" end time: Apr 16 11:53 Newfoundland Summer Time
"test_smoke" time elapsed: 00:00:00
----------------------------------------------------------

2/15 Testing: test_geometry
2/15 Test: test_geometry
Command: "C:/Users/AbhinavPutta/Desktop/projects/oreoCAD/oreo-kernel/build_msvc/Release/test_geometry.exe"
Directory: C:/Users/AbhinavPutta/Desktop/projects/oreoCAD/oreo-kernel/build_msvc
"test_geometry" start time: Apr 16 11:53 Newfoundland Summer Time
Output:
----------------------------------------------------------
Running main() from C:\vcpkg\buildtrees\gtest\src\v1.17.0-0c449efaff.clean\googletest\src\gtest_main.cc
[==========] Running 16 tests from 2 test suites.
[----------] Global test environment set-up.
[----------] 12 tests from Geometry
[ RUN      ] Geometry.ExtrudeRectangle
[       OK ] Geometry.ExtrudeRectangle (2 ms)
[ RUN      ] Geometry.ExtrudeNullShape
[       OK ] Geometry.ExtrudeNullShape (0 ms)
[ RUN      ] Geometry.ExtrudeZeroVector
[       OK ] Geometry.ExtrudeZeroVector (0 ms)
[ RUN      ] Geometry.RevolveFullCircle
[       OK ] Geometry.RevolveFullCircle (1 ms)
[ RUN      ] Geometry.BooleanUnionTwoBoxes
[       OK ] Geometry.BooleanUnionTwoBoxes (8 ms)
[ RUN      ] Geometry.BooleanSubtract
[       OK ] Geometry.BooleanSubtract (5 ms)
[ RUN      ] Geometry.BooleanIntersect
[       OK ] Geometry.BooleanIntersect (4 ms)
[ RUN      ] Geometry.FilletBox
[       OK ] Geometry.FilletBox (2 ms)
[ RUN      ] Geometry.ChamferBox
[       OK ] Geometry.ChamferBox (1 ms)
[ RUN      ] Geometry.MirrorBox
[       OK ] Geometry.MirrorBox (0 ms)
[ RUN      ] Geometry.PatternLinear
[       OK ] Geometry.PatternLinear (6 ms)
[ RUN      ] Geometry.PatternCircular
[       OK ] Geometry.PatternCircular (35 ms)
[----------] 12 tests from Geometry (69 ms total)

[----------] 4 tests from Query
[ RUN      ] Query.AABBBox
[       OK ] Query.AABBBox (0 ms)
[ RUN      ] Query.MassPropertiesBox
[       OK ] Query.MassPropertiesBox (0 ms)
[ RUN      ] Query.FaceEdgeCount
[       OK ] Query.FaceEdgeCount (0 ms)
[ RUN      ] Query.MeasureDistance
[       OK ] Query.MeasureDistance (1 ms)
[----------] 4 tests from Query (1 ms total)

[----------] Global test environment tear-down
[==========] 16 tests from 2 test suites ran. (71 ms total)
[  PASSED  ] 16 tests.
<end of output>
Test time =   0.11 sec
----------------------------------------------------------
Test Passed.
"test_geometry" end time: Apr 16 11:53 Newfoundland Summer Time
"test_geometry" time elapsed: 00:00:00
----------------------------------------------------------

3/15 Testing: test_topo_naming
3/15 Test: test_topo_naming
Command: "C:/Users/AbhinavPutta/Desktop/projects/oreoCAD/oreo-kernel/build_msvc/Release/test_topo_naming.exe"
Directory: C:/Users/AbhinavPutta/Desktop/projects/oreoCAD/oreo-kernel/build_msvc
"test_topo_naming" start time: Apr 16 11:53 Newfoundland Summer Time
Output:
----------------------------------------------------------
Running main() from C:\vcpkg\buildtrees\gtest\src\v1.17.0-0c449efaff.clean\googletest\src\gtest_main.cc
[==========] Running 9 tests from 1 test suite.
[----------] Global test environment set-up.
[----------] 9 tests from TopoNaming
[ RUN      ] TopoNaming.ElementMapBasicSetGet
[       OK ] TopoNaming.ElementMapBasicSetGet (0 ms)
[ RUN      ] TopoNaming.ElementMapDuplicateDisambiguates
[       OK ] TopoNaming.ElementMapDuplicateDisambiguates (0 ms)
[ RUN      ] TopoNaming.ElementMapCount
[       OK ] TopoNaming.ElementMapCount (0 ms)
[ RUN      ] TopoNaming.EncodeElementName
[       OK ] TopoNaming.EncodeElementName (0 ms)
[ RUN      ] TopoNaming.ElementMapSerializeRoundTrip
[       OK ] TopoNaming.ElementMapSerializeRoundTrip (0 ms)
[ RUN      ] TopoNaming.ExtrudeProducesElementMap
[       OK ] TopoNaming.ExtrudeProducesElementMap (1 ms)
[ RUN      ] TopoNaming.BooleanPreservesNames
[       OK ] TopoNaming.BooleanPreservesNames (7 ms)
[ RUN      ] TopoNaming.FilletPreservesBaseNames
[       OK ] TopoNaming.FilletPreservesBaseNames (3 ms)
[ RUN      ] TopoNaming.NameStabilityExtrudeThenFillet
[       OK ] TopoNaming.NameStabilityExtrudeThenFillet (8 ms)
[----------] 9 tests from TopoNaming (21 ms total)

[----------] Global test environment tear-down
[==========] 9 tests from 1 test suite ran. (21 ms total)
[  PASSED  ] 9 tests.
<end of output>
Test time =   0.06 sec
----------------------------------------------------------
Test Passed.
"test_topo_naming" end time: Apr 16 11:53 Newfoundland Summer Time
"test_topo_naming" time elapsed: 00:00:00
----------------------------------------------------------

4/15 Testing: test_sketch_solver
4/15 Test: test_sketch_solver
Command: "C:/Users/AbhinavPutta/Desktop/projects/oreoCAD/oreo-kernel/build_msvc/Release/test_sketch_solver.exe"
Directory: C:/Users/AbhinavPutta/Desktop/projects/oreoCAD/oreo-kernel/build_msvc
"test_sketch_solver" start time: Apr 16 11:53 Newfoundland Summer Time
Output:
----------------------------------------------------------
Running main() from C:\vcpkg\buildtrees\gtest\src\v1.17.0-0c449efaff.clean\googletest\src\gtest_main.cc
[==========] Running 35 tests from 1 test suite.
[----------] Global test environment set-up.
[----------] 35 tests from SketchSolver
[ RUN      ] SketchSolver.TwoPointCoincident
[       OK ] SketchSolver.TwoPointCoincident (0 ms)
[ RUN      ] SketchSolver.TwoPointDistance
[       OK ] SketchSolver.TwoPointDistance (0 ms)
[ RUN      ] SketchSolver.HorizontalLine
[       OK ] SketchSolver.HorizontalLine (0 ms)
[ RUN      ] SketchSolver.VerticalLine
[       OK ] SketchSolver.VerticalLine (0 ms)
[ RUN      ] SketchSolver.ParallelLines
[       OK ] SketchSolver.ParallelLines (0 ms)
[ RUN      ] SketchSolver.PerpendicularLines
[       OK ] SketchSolver.PerpendicularLines (0 ms)
[ RUN      ] SketchSolver.RectangleToWire
[       OK ] SketchSolver.RectangleToWire (0 ms)
[ RUN      ] SketchSolver.EmptySketchToWire
[       OK ] SketchSolver.EmptySketchToWire (0 ms)
[ RUN      ] SketchSolver.UnderconstrainedDOF
[       OK ] SketchSolver.UnderconstrainedDOF (0 ms)
[ RUN      ] SketchSolver.CoordinateXY
[       OK ] SketchSolver.CoordinateXY (0 ms)
[ RUN      ] SketchSolver.PointOnLineConstraint
[       OK ] SketchSolver.PointOnLineConstraint (0 ms)
[ RUN      ] SketchSolver.PointOnCircleConstraint
[       OK ] SketchSolver.PointOnCircleConstraint (0 ms)
[ RUN      ] SketchSolver.EqualLengthConstraint
[       OK ] SketchSolver.EqualLengthConstraint (0 ms)
[ RUN      ] SketchSolver.CircleRadius
[       OK ] SketchSolver.CircleRadius (0 ms)
[ RUN      ] SketchSolver.TangentLineCircle
[       OK ] SketchSolver.TangentLineCircle (0 ms)
[ RUN      ] SketchSolver.ConcentricCircles
[       OK ] SketchSolver.ConcentricCircles (0 ms)
[ RUN      ] SketchSolver.EqualRadiusCircles
[       OK ] SketchSolver.EqualRadiusCircles (0 ms)
[ RUN      ] SketchSolver.AngleConstraint
[       OK ] SketchSolver.AngleConstraint (0 ms)
[ RUN      ] SketchSolver.SymmetricConstraint
[       OK ] SketchSolver.SymmetricConstraint (0 ms)
[ RUN      ] SketchSolver.FixedPointConstraint
[       OK ] SketchSolver.FixedPointConstraint (0 ms)
[ RUN      ] SketchSolver.PointToLineDistance
[       OK ] SketchSolver.PointToLineDistance (0 ms)
[ RUN      ] SketchSolver.DistanceXConstraint
[       OK ] SketchSolver.DistanceXConstraint (0 ms)
[ RUN      ] SketchSolver.DistanceYConstraint
[       OK ] SketchSolver.DistanceYConstraint (0 ms)
[ RUN      ] SketchSolver.MidpointOnLineConstraint
[       OK ] SketchSolver.MidpointOnLineConstraint (0 ms)
[ RUN      ] SketchSolver.TangentLineArcConstraint
[       OK ] SketchSolver.TangentLineArcConstraint (0 ms)
[ RUN      ] SketchSolver.TangentCircleCircleConstraint
[       OK ] SketchSolver.TangentCircleCircleConstraint (0 ms)
[ RUN      ] SketchSolver.PointOnArcConstraint
[       OK ] SketchSolver.PointOnArcConstraint (0 ms)
[ RUN      ] SketchSolver.EqualRadiusCircleArcConstraint
[       OK ] SketchSolver.EqualRadiusCircleArcConstraint (0 ms)
[ RUN      ] SketchSolver.ArcLengthConstraint
[       OK ] SketchSolver.ArcLengthConstraint (0 ms)
[ RUN      ] SketchSolver.CircleToLineDistanceConstraint
[       OK ] SketchSolver.CircleToLineDistanceConstraint (0 ms)
[ RUN      ] SketchSolver.PointToCircleDistanceConstraint
[       OK ] SketchSolver.PointToCircleDistanceConstraint (0 ms)
[ RUN      ] SketchSolver.CircleDiameterConstraint
[       OK ] SketchSolver.CircleDiameterConstraint (0 ms)
[ RUN      ] SketchSolver.CollinearConstraint
[       OK ] SketchSolver.CollinearConstraint (0 ms)
[ RUN      ] SketchSolver.TangentCircleArcConstraint
[       OK ] SketchSolver.TangentCircleArcConstraint (0 ms)
[ RUN      ] SketchSolver.TangentArcArcConstraint
[       OK ] SketchSolver.TangentArcArcConstraint (0 ms)
[----------] 35 tests from SketchSolver (5 ms total)

[----------] Global test environment tear-down
[==========] 35 tests from 1 test suite ran. (5 ms total)
[  PASSED  ] 35 tests.
<end of output>
Test time =   0.04 sec
----------------------------------------------------------
Test Passed.
"test_sketch_solver" end time: Apr 16 11:53 Newfoundland Summer Time
"test_sketch_solver" time elapsed: 00:00:00
----------------------------------------------------------

5/15 Testing: test_boolean_stress
5/15 Test: test_boolean_stress
Command: "C:/Users/AbhinavPutta/Desktop/projects/oreoCAD/oreo-kernel/build_msvc/Release/test_boolean_stress.exe"
Directory: C:/Users/AbhinavPutta/Desktop/projects/oreoCAD/oreo-kernel/build_msvc
"test_boolean_stress" start time: Apr 16 11:53 Newfoundland Summer Time
Output:
----------------------------------------------------------
Running main() from C:\vcpkg\buildtrees\gtest\src\v1.17.0-0c449efaff.clean\googletest\src\gtest_main.cc
[==========] Running 5 tests from 1 test suite.
[----------] Global test environment set-up.
[----------] 5 tests from BooleanStress
[ RUN      ] BooleanStress.NearCoincidentFaces
[       OK ] BooleanStress.NearCoincidentFaces (7 ms)
[ RUN      ] BooleanStress.ThinWallSubtract
[       OK ] BooleanStress.ThinWallSubtract (4 ms)
[ RUN      ] BooleanStress.TangentSphereCylinder
[       OK ] BooleanStress.TangentSphereCylinder (1 ms)
[ RUN      ] BooleanStress.IdenticalShapes
[       OK ] BooleanStress.IdenticalShapes (4 ms)
[ RUN      ] BooleanStress.SequentialSubtractions
[       OK ] BooleanStress.SequentialSubtractions (21 ms)
[----------] 5 tests from BooleanStress (40 ms total)

[----------] Global test environment tear-down
[==========] 5 tests from 1 test suite ran. (40 ms total)
[  PASSED  ] 5 tests.
<end of output>
Test time =   0.08 sec
----------------------------------------------------------
Test Passed.
"test_boolean_stress" end time: Apr 16 11:53 Newfoundland Summer Time
"test_boolean_stress" time elapsed: 00:00:00
----------------------------------------------------------

6/15 Testing: test_step_roundtrip
6/15 Test: test_step_roundtrip
Command: "C:/Users/AbhinavPutta/Desktop/projects/oreoCAD/oreo-kernel/build_msvc/Release/test_step_roundtrip.exe"
Directory: C:/Users/AbhinavPutta/Desktop/projects/oreoCAD/oreo-kernel/build_msvc
"test_step_roundtrip" start time: Apr 16 11:53 Newfoundland Summer Time
Output:
----------------------------------------------------------
Running main() from C:\vcpkg\buildtrees\gtest\src\v1.17.0-0c449efaff.clean\googletest\src\gtest_main.cc
[==========] Running 3 tests from 1 test suite.
[----------] Global test environment set-up.
[----------] 3 tests from StepIO
[ RUN      ] StepIO.ExportImportRoundTrip

*******************************************************************
******        Statistics on Transfer (Write)                 ******

*******************************************************************
******        Transfer Mode = 0  I.E.  As Is       ******
******        Transferring Shape, ShapeType = 2                      ******
** WorkSession : Sending all data
 Step File Name : C:\Users\ABHINA~1\AppData\Local\Temp\oreo_export_0_16261521859863020247.step(350 ents)  Write  Done
[       OK ] StepIO.ExportImportRoundTrip (53 ms)
[ RUN      ] StepIO.ExportFileThenImport

*******************************************************************
******        Statistics on Transfer (Write)                 ******

*******************************************************************
******        Transfer Mode = 0  I.E.  As Is       ******
******        Transferring Shape, ShapeType = 2                      ******
** WorkSession : Sending all data
 Step File Name : test_step_roundtrip.step(350 ents)  Write  Done
[       OK ] StepIO.ExportFileThenImport (35 ms)
[ RUN      ] StepIO.ImportInvalidData
**** ERR StepFile : Undefined Parsing: Line 2: Incorrect syntax: unexpected QUID, expecting STEP    ****
**** ERR StepFile : Undefined Parsing: Line 2: Incorrect syntax: unexpected QUID, expecting STEP    ****
[       OK ] StepIO.ImportInvalidData (3 ms)
[----------] 3 tests from StepIO (92 ms total)

[----------] Global test environment tear-down
[==========] 3 tests from 1 test suite ran. (92 ms total)
[  PASSED  ] 3 tests.
<end of output>
Test time =   0.13 sec
----------------------------------------------------------
Test Passed.
"test_step_roundtrip" end time: Apr 16 11:53 Newfoundland Summer Time
"test_step_roundtrip" time elapsed: 00:00:00
----------------------------------------------------------

7/15 Testing: test_serialize
7/15 Test: test_serialize
Command: "C:/Users/AbhinavPutta/Desktop/projects/oreoCAD/oreo-kernel/build_msvc/Release/test_serialize.exe"
Directory: C:/Users/AbhinavPutta/Desktop/projects/oreoCAD/oreo-kernel/build_msvc
"test_serialize" start time: Apr 16 11:53 Newfoundland Summer Time
Output:
----------------------------------------------------------
Running main() from C:\vcpkg\buildtrees\gtest\src\v1.17.0-0c449efaff.clean\googletest\src\gtest_main.cc
[==========] Running 4 tests from 1 test suite.
[----------] Global test environment set-up.
[----------] 4 tests from Serialize
[ RUN      ] Serialize.BoxRoundTrip
[       OK ] Serialize.BoxRoundTrip (1 ms)
[ RUN      ] Serialize.NullShapeFails
[       OK ] Serialize.NullShapeFails (0 ms)
[ RUN      ] Serialize.TruncatedDataFails
[       OK ] Serialize.TruncatedDataFails (0 ms)
[ RUN      ] Serialize.ElementMapPreserved
[       OK ] Serialize.ElementMapPreserved (0 ms)
[----------] 4 tests from Serialize (2 ms total)

[----------] Global test environment tear-down
[==========] 4 tests from 1 test suite ran. (2 ms total)
[  PASSED  ] 4 tests.
<end of output>
Test time =   0.04 sec
----------------------------------------------------------
Test Passed.
"test_serialize" end time: Apr 16 11:53 Newfoundland Summer Time
"test_serialize" time elapsed: 00:00:00
----------------------------------------------------------

8/15 Testing: test_robustness
8/15 Test: test_robustness
Command: "C:/Users/AbhinavPutta/Desktop/projects/oreoCAD/oreo-kernel/build_msvc/Release/test_robustness.exe"
Directory: C:/Users/AbhinavPutta/Desktop/projects/oreoCAD/oreo-kernel/build_msvc
"test_robustness" start time: Apr 16 11:53 Newfoundland Summer Time
Output:
----------------------------------------------------------
Running main() from C:\vcpkg\buildtrees\gtest\src\v1.17.0-0c449efaff.clean\googletest\src\gtest_main.cc
[==========] Running 16 tests from 1 test suite.
[----------] Global test environment set-up.
[----------] 16 tests from Robustness
[ RUN      ] Robustness.ExtrudeNull
[       OK ] Robustness.ExtrudeNull (0 ms)
[ RUN      ] Robustness.RevolveNull
[       OK ] Robustness.RevolveNull (0 ms)
[ RUN      ] Robustness.BooleanWithNull
[       OK ] Robustness.BooleanWithNull (0 ms)
[ RUN      ] Robustness.FilletEmptyEdges
[       OK ] Robustness.FilletEmptyEdges (0 ms)
[ RUN      ] Robustness.FilletZeroRadius
[       OK ] Robustness.FilletZeroRadius (0 ms)
[ RUN      ] Robustness.ChamferNegativeDistance
[       OK ] Robustness.ChamferNegativeDistance (0 ms)
[ RUN      ] Robustness.PatternCountOne
[       OK ] Robustness.PatternCountOne (0 ms)
[ RUN      ] Robustness.PatternZeroSpacing
[       OK ] Robustness.PatternZeroSpacing (0 ms)
[ RUN      ] Robustness.AABBNull
[       OK ] Robustness.AABBNull (0 ms)
[ RUN      ] Robustness.MassPropertiesNull
[       OK ] Robustness.MassPropertiesNull (0 ms)
[ RUN      ] Robustness.MeasureDistanceNull
[       OK ] Robustness.MeasureDistanceNull (0 ms)
[ RUN      ] Robustness.DeserializeEmpty
[       OK ] Robustness.DeserializeEmpty (0 ms)
[ RUN      ] Robustness.DeserializeGarbage
[       OK ] Robustness.DeserializeGarbage (0 ms)
[ RUN      ] Robustness.ImportStepNull
[       OK ] Robustness.ImportStepNull (0 ms)
[ RUN      ] Robustness.ImportStepNonexistentFile
[       OK ] Robustness.ImportStepNonexistentFile (2 ms)
[ RUN      ] Robustness.ImportStepShapeLegacy
[       OK ] Robustness.ImportStepShapeLegacy (0 ms)
[----------] 16 tests from Robustness (3 ms total)

[----------] Global test environment tear-down
[==========] 16 tests from 1 test suite ran. (3 ms total)
[  PASSED  ] 16 tests.
<end of output>
Test time =   0.04 sec
----------------------------------------------------------
Test Passed.
"test_robustness" end time: Apr 16 11:53 Newfoundland Summer Time
"test_robustness" time elapsed: 00:00:00
----------------------------------------------------------

9/15 Testing: test_feature_tree
9/15 Test: test_feature_tree
Command: "C:/Users/AbhinavPutta/Desktop/projects/oreoCAD/oreo-kernel/build_msvc/Release/test_feature_tree.exe"
Directory: C:/Users/AbhinavPutta/Desktop/projects/oreoCAD/oreo-kernel/build_msvc
"test_feature_tree" start time: Apr 16 11:53 Newfoundland Summer Time
Output:
----------------------------------------------------------
Running main() from C:\vcpkg\buildtrees\gtest\src\v1.17.0-0c449efaff.clean\googletest\src\gtest_main.cc
[==========] Running 25 tests from 4 test suites.
[----------] Global test environment set-up.
[----------] 16 tests from FeatureTree
[ RUN      ] FeatureTree.EmptyTreeReplay
[       OK ] FeatureTree.EmptyTreeReplay (0 ms)
[ RUN      ] FeatureTree.SingleExtrudeReplay
[       OK ] FeatureTree.SingleExtrudeReplay (0 ms)
[ RUN      ] FeatureTree.BoxThenFilletReplay
[       OK ] FeatureTree.BoxThenFilletReplay (2 ms)
[ RUN      ] FeatureTree.ParameterChangeTriggersReplay
[       OK ] FeatureTree.ParameterChangeTriggersReplay (0 ms)
[ RUN      ] FeatureTree.SuppressFeature
[       OK ] FeatureTree.SuppressFeature (0 ms)
[ RUN      ] FeatureTree.RemoveFeature
[       OK ] FeatureTree.RemoveFeature (0 ms)
[ RUN      ] FeatureTree.SerializeRoundTrip
[       OK ] FeatureTree.SerializeRoundTrip (0 ms)
[ RUN      ] FeatureTree.BrokenFeatureDetection
[       OK ] FeatureTree.BrokenFeatureDetection (0 ms)
[ RUN      ] FeatureTree.PrimitivesWork
[       OK ] FeatureTree.PrimitivesWork (0 ms)
[ RUN      ] FeatureTree.HoleOperation
[       OK ] FeatureTree.HoleOperation (7 ms)
[ RUN      ] FeatureTree.OffsetOperation
[       OK ] FeatureTree.OffsetOperation (11 ms)
[ RUN      ] FeatureTree.SplitBodyOperation
[       OK ] FeatureTree.SplitBodyOperation (2 ms)
[ RUN      ] FeatureTree.CombineShapes
[       OK ] FeatureTree.CombineShapes (0 ms)
[ RUN      ] FeatureTree.MakeFaceFromWire
[       OK ] FeatureTree.MakeFaceFromWire (0 ms)
[ RUN      ] FeatureTree.DeterministicPrimitives
[       OK ] FeatureTree.DeterministicPrimitives (1 ms)
[ RUN      ] FeatureTree.DeterministicExtrudeFilletBoolean
[       OK ] FeatureTree.DeterministicExtrudeFilletBoolean (108 ms)
[----------] 16 tests from FeatureTree (135 ms total)

[----------] 6 tests from Operations
[ RUN      ] Operations.DraftFaces
[       OK ] Operations.DraftFaces (1 ms)
[ RUN      ] Operations.Pocket
[       OK ] Operations.Pocket (6 ms)
[ RUN      ] Operations.Thicken
[       OK ] Operations.Thicken (19 ms)
[ RUN      ] Operations.VariableFillet
[       OK ] Operations.VariableFillet (10 ms)
[ RUN      ] Operations.WireOffset
[       OK ] Operations.WireOffset (0 ms)
[ RUN      ] Operations.Rib
[       OK ] Operations.Rib (8 ms)
[----------] 6 tests from Operations (47 ms total)

[----------] 2 tests from ParametricReplay
[ RUN      ] ParametricReplay.BoxExtrudeFilletChangeHeight
[       OK ] ParametricReplay.BoxExtrudeFilletChangeHeight (0 ms)
[ RUN      ] ParametricReplay.FeatureTreeSerializeRoundTrip
[       OK ] ParametricReplay.FeatureTreeSerializeRoundTrip (0 ms)
[----------] 2 tests from ParametricReplay (0 ms total)

[----------] 1 test from Determinism
[ RUN      ] Determinism.ElementMapNamesIdentical
[       OK ] Determinism.ElementMapNamesIdentical (0 ms)
[----------] 1 test from Determinism (0 ms total)

[----------] Global test environment tear-down
[==========] 25 tests from 4 test suites ran. (184 ms total)
[  PASSED  ] 25 tests.
<end of output>
Test time =   0.22 sec
----------------------------------------------------------
Test Passed.
"test_feature_tree" end time: Apr 16 11:53 Newfoundland Summer Time
"test_feature_tree" time elapsed: 00:00:00
----------------------------------------------------------

10/15 Testing: test_foundation
10/15 Test: test_foundation
Command: "C:/Users/AbhinavPutta/Desktop/projects/oreoCAD/oreo-kernel/build_msvc/Release/test_foundation.exe"
Directory: C:/Users/AbhinavPutta/Desktop/projects/oreoCAD/oreo-kernel/build_msvc
"test_foundation" start time: Apr 16 11:53 Newfoundland Summer Time
Output:
----------------------------------------------------------
Running main() from C:\vcpkg\buildtrees\gtest\src\v1.17.0-0c449efaff.clean\googletest\src\gtest_main.cc
[==========] Running 37 tests from 7 test suites.
[----------] Global test environment set-up.
[----------] 5 tests from TagAllocator
[ RUN      ] TagAllocator.SequentialAllocation
[       OK ] TagAllocator.SequentialAllocation (0 ms)
[ RUN      ] TagAllocator.ResetForDeterministicReplay
[       OK ] TagAllocator.ResetForDeterministicReplay (0 ms)
[ RUN      ] TagAllocator.SeedFromPersistence
[       OK ] TagAllocator.SeedFromPersistence (0 ms)
[ RUN      ] TagAllocator.TwoAllocatorsIndependent
[       OK ] TagAllocator.TwoAllocatorsIndependent (0 ms)
[ RUN      ] TagAllocator.EmptyCheck
[       OK ] TagAllocator.EmptyCheck (0 ms)
[----------] 5 tests from TagAllocator (0 ms total)

[----------] 5 tests from Diagnostic
[ RUN      ] Diagnostic.ReportAndQuery
[       OK ] Diagnostic.ReportAndQuery (0 ms)
[ RUN      ] Diagnostic.MultipleDiagnostics
[       OK ] Diagnostic.MultipleDiagnostics (0 ms)
[ RUN      ] Diagnostic.DegradedFlags
[       OK ] Diagnostic.DegradedFlags (0 ms)
[ RUN      ] Diagnostic.Clear
[       OK ] Diagnostic.Clear (0 ms)
[ RUN      ] Diagnostic.LastError
[       OK ] Diagnostic.LastError (0 ms)
[----------] 5 tests from Diagnostic (0 ms total)

[----------] 7 tests from Units
[ RUN      ] Units.MillimeterIdentity
[       OK ] Units.MillimeterIdentity (0 ms)
[ RUN      ] Units.InchToMillimeter
[       OK ] Units.InchToMillimeter (0 ms)
[ RUN      ] Units.MeterToMillimeter
[       OK ] Units.MeterToMillimeter (0 ms)
[ RUN      ] Units.DegreeToRadian
[       OK ] Units.DegreeToRadian (0 ms)
[ RUN      ] Units.RadianIdentity
[       OK ] Units.RadianIdentity (0 ms)
[ RUN      ] Units.LengthConversions
[       OK ] Units.LengthConversions (0 ms)
[ RUN      ] Units.UnitNameParsing
[       OK ] Units.UnitNameParsing (0 ms)
[----------] 7 tests from Units (0 ms total)

[----------] 8 tests from Schema
[ RUN      ] Schema.VersionCompatibility
[       OK ] Schema.VersionCompatibility (0 ms)
[ RUN      ] Schema.VersionParse
[       OK ] Schema.VersionParse (0 ms)
[ RUN      ] Schema.VersionToString
[       OK ] Schema.VersionToString (0 ms)
[ RUN      ] Schema.VersionJSON
[       OK ] Schema.VersionJSON (0 ms)
[ RUN      ] Schema.RegistryCurrentVersion
[       OK ] Schema.RegistryCurrentVersion (0 ms)
[ RUN      ] Schema.AddHeader
[       OK ] Schema.AddHeader (0 ms)
[ RUN      ] Schema.ReadHeader
[       OK ] Schema.ReadHeader (0 ms)
[ RUN      ] Schema.ReadHeaderMissing
[       OK ] Schema.ReadHeaderMissing (0 ms)
[----------] 8 tests from Schema (0 ms total)

[----------] 4 tests from Validation
[ RUN      ] Validation.RequireNonNull
[       OK ] Validation.RequireNonNull (0 ms)
[ RUN      ] Validation.RequirePositive
[       OK ] Validation.RequirePositive (0 ms)
[ RUN      ] Validation.RequireInRange
[       OK ] Validation.RequireInRange (0 ms)
[ RUN      ] Validation.RequireNonZeroVec
[       OK ] Validation.RequireNonZeroVec (0 ms)
[----------] 4 tests from Validation (0 ms total)

[----------] 5 tests from KernelContext
[ RUN      ] KernelContext.CreateWithDefaults
[       OK ] KernelContext.CreateWithDefaults (0 ms)
[ RUN      ] KernelContext.CreateWithConfig
[       OK ] KernelContext.CreateWithConfig (0 ms)
[ RUN      ] KernelContext.TwoContextsIndependent
[       OK ] KernelContext.TwoContextsIndependent (0 ms)
[ RUN      ] KernelContext.DiagClearAndCheck
[       OK ] KernelContext.DiagClearAndCheck (0 ms)
[ RUN      ] KernelContext.CreateContextHasId
[       OK ] KernelContext.CreateContextHasId (0 ms)
[----------] 5 tests from KernelContext (0 ms total)

[----------] 3 tests from Determinism
[ RUN      ] Determinism.SameOperationsSameTags
[       OK ] Determinism.SameOperationsSameTags (0 ms)
[ RUN      ] Determinism.ResetAndReplayIdentical
[       OK ] Determinism.ResetAndReplayIdentical (0 ms)
[ RUN      ] Determinism.TwoDocumentsNeverCollide
[       OK ] Determinism.TwoDocumentsNeverCollide (0 ms)
[----------] 3 tests from Determinism (0 ms total)

[----------] Global test environment tear-down
[==========] 37 tests from 7 test suites ran. (0 ms total)
[  PASSED  ] 37 tests.
<end of output>
Test time =   0.04 sec
----------------------------------------------------------
Test Passed.
"test_foundation" end time: Apr 16 11:53 Newfoundland Summer Time
"test_foundation" time elapsed: 00:00:00
----------------------------------------------------------

11/15 Testing: test_foundation_hardened
11/15 Test: test_foundation_hardened
Command: "C:/Users/AbhinavPutta/Desktop/projects/oreoCAD/oreo-kernel/build_msvc/Release/test_foundation_hardened.exe"
Directory: C:/Users/AbhinavPutta/Desktop/projects/oreoCAD/oreo-kernel/build_msvc
"test_foundation_hardened" start time: Apr 16 11:53 Newfoundland Summer Time
Output:
----------------------------------------------------------
Running main() from C:\vcpkg\buildtrees\gtest\src\v1.17.0-0c449efaff.clean\googletest\src\gtest_main.cc
[==========] Running 35 tests from 6 test suites.
[----------] Global test environment set-up.
[----------] 19 tests from FailClosed
[ RUN      ] FailClosed.NaNRejectedByRequirePositive
[       OK ] FailClosed.NaNRejectedByRequirePositive (0 ms)
[ RUN      ] FailClosed.InfRejectedByRequirePositive
[       OK ] FailClosed.InfRejectedByRequirePositive (0 ms)
[ RUN      ] FailClosed.NaNRejectedByRequireInRange
[       OK ] FailClosed.NaNRejectedByRequireInRange (0 ms)
[ RUN      ] FailClosed.NaNRejectedByRequireNonNegative
[       OK ] FailClosed.NaNRejectedByRequireNonNegative (0 ms)
[ RUN      ] FailClosed.NaNRejectedByRequireNonZeroVec
[       OK ] FailClosed.NaNRejectedByRequireNonZeroVec (0 ms)
[ RUN      ] FailClosed.RequireValidDirNotNoOp
[       OK ] FailClosed.RequireValidDirNotNoOp (0 ms)
[ RUN      ] FailClosed.UnknownLengthUnitThrows
[       OK ] FailClosed.UnknownLengthUnitThrows (0 ms)
[ RUN      ] FailClosed.UnknownAngleUnitThrows
[       OK ] FailClosed.UnknownAngleUnitThrows (0 ms)
[ RUN      ] FailClosed.TryParseLengthUnitReturnsNullopt
[       OK ] FailClosed.TryParseLengthUnitReturnsNullopt (0 ms)
[ RUN      ] FailClosed.TryParseAngleUnitReturnsNullopt
[       OK ] FailClosed.TryParseAngleUnitReturnsNullopt (0 ms)
[ RUN      ] FailClosed.ValidUnitsStillWork
[       OK ] FailClosed.ValidUnitsStillWork (0 ms)
[ RUN      ] FailClosed.SchemaRejectsMissingHeader
[       OK ] FailClosed.SchemaRejectsMissingHeader (0 ms)
[ RUN      ] FailClosed.SchemaRejectsUnknownType
[       OK ] FailClosed.SchemaRejectsUnknownType (0 ms)
[ RUN      ] FailClosed.SchemaRejectsTypeMismatch
[       OK ] FailClosed.SchemaRejectsTypeMismatch (0 ms)
[ RUN      ] FailClosed.SchemaRejectsFutureMajorVersion
[       OK ] FailClosed.SchemaRejectsFutureMajorVersion (0 ms)
[ RUN      ] FailClosed.SchemaVersionParseRejectsEmpty
[       OK ] FailClosed.SchemaVersionParseRejectsEmpty (0 ms)
[ RUN      ] FailClosed.ExtrudeRejectsNaNDirection
[       OK ] FailClosed.ExtrudeRejectsNaNDirection (0 ms)
[ RUN      ] FailClosed.MakeBoxRejectsZeroDimension
[       OK ] FailClosed.MakeBoxRejectsZeroDimension (0 ms)
[ RUN      ] FailClosed.MakeBoxRejectsNegativeDimension
[       OK ] FailClosed.MakeBoxRejectsNegativeDimension (0 ms)
[----------] 19 tests from FailClosed (0 ms total)

[----------] 4 tests from OperationResult
[ RUN      ] OperationResult.SuccessCarriesValue
[       OK ] OperationResult.SuccessCarriesValue (0 ms)
[ RUN      ] OperationResult.FailureHasNoValue
[       OK ] OperationResult.FailureHasNoValue (0 ms)
[ RUN      ] OperationResult.SuccessWithWarnings
[       OK ] OperationResult.SuccessWithWarnings (0 ms)
[ RUN      ] OperationResult.ValueOrOnFailure
[       OK ] OperationResult.ValueOrOnFailure (0 ms)
[----------] 4 tests from OperationResult (0 ms total)

[----------] 3 tests from DiagnosticScope
[ RUN      ] DiagnosticScope.DoesNotClearParentDiagnostics
[       OK ] DiagnosticScope.DoesNotClearParentDiagnostics (0 ms)
[ RUN      ] DiagnosticScope.MakeResultCapturesOnlyScopeDiags
[       OK ] DiagnosticScope.MakeResultCapturesOnlyScopeDiags (0 ms)
[ RUN      ] DiagnosticScope.NestedScopesCompose
[       OK ] DiagnosticScope.NestedScopesCompose (0 ms)
[----------] 3 tests from DiagnosticScope (0 ms total)

[----------] 2 tests from OCCTInit
[ RUN      ] OCCTInit.MultipleCallsAreSafe
[       OK ] OCCTInit.MultipleCallsAreSafe (0 ms)
[ RUN      ] OCCTInit.MultipleContextCreationsAreSafe
[       OK ] OCCTInit.MultipleContextCreationsAreSafe (0 ms)
[----------] 2 tests from OCCTInit (0 ms total)

[----------] 6 tests from DeterministicIDs
[ RUN      ] DeterministicIDs.SingleDocumentModeIsSequential
[       OK ] DeterministicIDs.SingleDocumentModeIsSequential (0 ms)
[ RUN      ] DeterministicIDs.MultiDocumentTagsEncodeDocumentId
[       OK ] DeterministicIDs.MultiDocumentTagsEncodeDocumentId (0 ms)
[ RUN      ] DeterministicIDs.TwoDocumentsNeverCollide
[       OK ] DeterministicIDs.TwoDocumentsNeverCollide (0 ms)
[ RUN      ] DeterministicIDs.DocumentIdFromUUID
[       OK ] DeterministicIDs.DocumentIdFromUUID (0 ms)
[ RUN      ] DeterministicIDs.ResetPreservesDocumentId
[       OK ] DeterministicIDs.ResetPreservesDocumentId (0 ms)
[ RUN      ] DeterministicIDs.TwoDocumentsReplayIdentically
[       OK ] DeterministicIDs.TwoDocumentsReplayIdentically (0 ms)
[----------] 6 tests from DeterministicIDs (0 ms total)

[----------] 1 test from UnitsEnforcement
[ RUN      ] UnitsEnforcement.InchContextProducesLargerBox
[       OK ] UnitsEnforcement.InchContextProducesLargerBox (0 ms)
[----------] 1 test from UnitsEnforcement (0 ms total)

[----------] Global test environment tear-down
[==========] 35 tests from 6 test suites ran. (1 ms total)
[  PASSED  ] 35 tests.
<end of output>
Test time =   0.03 sec
----------------------------------------------------------
Test Passed.
"test_foundation_hardened" end time: Apr 16 11:53 Newfoundland Summer Time
"test_foundation_hardened" time elapsed: 00:00:00
----------------------------------------------------------

12/15 Testing: test_mesh
12/15 Test: test_mesh
Command: "C:/Users/AbhinavPutta/Desktop/projects/oreoCAD/oreo-kernel/build_msvc/Release/test_mesh.exe"
Directory: C:/Users/AbhinavPutta/Desktop/projects/oreoCAD/oreo-kernel/build_msvc
"test_mesh" start time: Apr 16 11:53 Newfoundland Summer Time
Output:
----------------------------------------------------------
Running main() from C:\vcpkg\buildtrees\gtest\src\v1.17.0-0c449efaff.clean\googletest\src\gtest_main.cc
[==========] Running 19 tests from 1 test suite.
[----------] Global test environment set-up.
[----------] 19 tests from Mesh
[ RUN      ] Mesh.TessellateBox
[       OK ] Mesh.TessellateBox (4 ms)
[ RUN      ] Mesh.TessellateSphere
[       OK ] Mesh.TessellateSphere (3 ms)
[ RUN      ] Mesh.TessellateCylinder
[       OK ] Mesh.TessellateCylinder (1 ms)
[ RUN      ] Mesh.FaceGroupsMatchFaceCount
[       OK ] Mesh.FaceGroupsMatchFaceCount (5 ms)
[ RUN      ] Mesh.FaceGroupNamesExist
[       OK ] Mesh.FaceGroupNamesExist (1 ms)
[ RUN      ] Mesh.EdgeWireframe
[       OK ] Mesh.EdgeWireframe (1 ms)
[ RUN      ] Mesh.LODCoarseVsFine
[       OK ] Mesh.LODCoarseVsFine (55 ms)
[ RUN      ] Mesh.NormalsAreUnitLength
[       OK ] Mesh.NormalsAreUnitLength (3 ms)
[ RUN      ] Mesh.TessellateNullShape
[       OK ] Mesh.TessellateNullShape (0 ms)
[ RUN      ] Mesh.TessellateInvalidDeflection
[       OK ] Mesh.TessellateInvalidDeflection (0 ms)
[ RUN      ] Mesh.WithoutNormals
[       OK ] Mesh.WithoutNormals (1 ms)
[ RUN      ] Mesh.WithoutEdges
[       OK ] Mesh.WithoutEdges (1 ms)
[ RUN      ] Mesh.DiagnosticsForBox
[       OK ] Mesh.DiagnosticsForBox (1 ms)
[ RUN      ] Mesh.DiagnosticsForSphere
[       OK ] Mesh.DiagnosticsForSphere (3 ms)
[ RUN      ] Mesh.IncrementalMeshCacheHit
[       OK ] Mesh.IncrementalMeshCacheHit (1 ms)
[ RUN      ] Mesh.IncrementalMeshInvalidateOnParamChange
[       OK ] Mesh.IncrementalMeshInvalidateOnParamChange (2 ms)
[ RUN      ] Mesh.IncrementalMeshInvalidateSingleFace
[       OK ] Mesh.IncrementalMeshInvalidateSingleFace (2 ms)
[ RUN      ] Mesh.DeterministicOutput
[       OK ] Mesh.DeterministicOutput (12 ms)
[ RUN      ] Mesh.DeterministicSphereOutput
[       OK ] Mesh.DeterministicSphereOutput (19 ms)
[----------] 19 tests from Mesh (124 ms total)

[----------] Global test environment tear-down
[==========] 19 tests from 1 test suite ran. (124 ms total)
[  PASSED  ] 19 tests.
<end of output>
Test time =   0.16 sec
----------------------------------------------------------
Test Passed.
"test_mesh" end time: Apr 16 11:53 Newfoundland Summer Time
"test_mesh" time elapsed: 00:00:00
----------------------------------------------------------

13/15 Testing: test_foundation_production
13/15 Test: test_foundation_production
Command: "C:/Users/AbhinavPutta/Desktop/projects/oreoCAD/oreo-kernel/build_msvc/Release/test_foundation_production.exe"
Directory: C:/Users/AbhinavPutta/Desktop/projects/oreoCAD/oreo-kernel/build_msvc
"test_foundation_production" start time: Apr 16 11:53 Newfoundland Summer Time
Output:
----------------------------------------------------------
Running main() from C:\vcpkg\buildtrees\gtest\src\v1.17.0-0c449efaff.clean\googletest\src\gtest_main.cc
[==========] Running 57 tests from 10 test suites.
[----------] Global test environment set-up.
[----------] 22 tests from NaNRejection
[ RUN      ] NaNRejection.MakeBox
[       OK ] NaNRejection.MakeBox (0 ms)
[ RUN      ] NaNRejection.MakeCylinder
[       OK ] NaNRejection.MakeCylinder (0 ms)
[ RUN      ] NaNRejection.MakeSphere
[       OK ] NaNRejection.MakeSphere (0 ms)
[ RUN      ] NaNRejection.MakeCone
[       OK ] NaNRejection.MakeCone (0 ms)
[ RUN      ] NaNRejection.MakeTorus
[       OK ] NaNRejection.MakeTorus (0 ms)
[ RUN      ] NaNRejection.MakeWedge
[       OK ] NaNRejection.MakeWedge (0 ms)
[ RUN      ] NaNRejection.Extrude
[       OK ] NaNRejection.Extrude (0 ms)
[ RUN      ] NaNRejection.Revolve
[       OK ] NaNRejection.Revolve (0 ms)
[ RUN      ] NaNRejection.Fillet
[       OK ] NaNRejection.Fillet (0 ms)
[ RUN      ] NaNRejection.Chamfer
[       OK ] NaNRejection.Chamfer (0 ms)
[ RUN      ] NaNRejection.ShellThickness
[       OK ] NaNRejection.ShellThickness (0 ms)
[ RUN      ] NaNRejection.PatternLinearSpacing
[       OK ] NaNRejection.PatternLinearSpacing (0 ms)
[ RUN      ] NaNRejection.PatternCircularAngle
[       OK ] NaNRejection.PatternCircularAngle (0 ms)
[ RUN      ] NaNRejection.Offset
[       OK ] NaNRejection.Offset (0 ms)
[ RUN      ] NaNRejection.Thicken
[       OK ] NaNRejection.Thicken (0 ms)
[ RUN      ] NaNRejection.FilletVariable
[       OK ] NaNRejection.FilletVariable (0 ms)
[ RUN      ] NaNRejection.WireOffset
[       OK ] NaNRejection.WireOffset (0 ms)
[ RUN      ] NaNRejection.DraftAngle
[       OK ] NaNRejection.DraftAngle (0 ms)
[ RUN      ] NaNRejection.HoleDiameter
[       OK ] NaNRejection.HoleDiameter (0 ms)
[ RUN      ] NaNRejection.HoleDepth
[       OK ] NaNRejection.HoleDepth (0 ms)
[ RUN      ] NaNRejection.RibThickness
[       OK ] NaNRejection.RibThickness (0 ms)
[ RUN      ] NaNRejection.PocketDepth
[       OK ] NaNRejection.PocketDepth (0 ms)
[----------] 22 tests from NaNRejection (1 ms total)

[----------] 3 tests from InfRejection
[ RUN      ] InfRejection.MakeBoxInf
[       OK ] InfRejection.MakeBoxInf (0 ms)
[ RUN      ] InfRejection.MakeBoxNegInf
[       OK ] InfRejection.MakeBoxNegInf (0 ms)
[ RUN      ] InfRejection.ExtrudeInf
[       OK ] InfRejection.ExtrudeInf (0 ms)
[----------] 3 tests from InfRejection (0 ms total)

[----------] 6 tests from TagAllocator
[ RUN      ] TagAllocator.SingleDocSequential
[       OK ] TagAllocator.SingleDocSequential (0 ms)
[ RUN      ] TagAllocator.MultiDocNoCollision
[       OK ] TagAllocator.MultiDocNoCollision (0 ms)
[ RUN      ] TagAllocator.ExtractDocId
[       OK ] TagAllocator.ExtractDocId (0 ms)
[ RUN      ] TagAllocator.ExtractCounter
[       OK ] TagAllocator.ExtractCounter (0 ms)
[ RUN      ] TagAllocator.ResetDeterministic
[       OK ] TagAllocator.ResetDeterministic (0 ms)
[ RUN      ] TagAllocator.HighCounterWorks
[       OK ] TagAllocator.HighCounterWorks (0 ms)
[----------] 6 tests from TagAllocator (0 ms total)

[----------] 5 tests from OperationResult
[ RUN      ] OperationResult.SuccessOK
[       OK ] OperationResult.SuccessOK (0 ms)
[ RUN      ] OperationResult.FailureNotOK
[       OK ] OperationResult.FailureNotOK (0 ms)
[ RUN      ] OperationResult.FailureThrows
[       OK ] OperationResult.FailureThrows (0 ms)
[ RUN      ] OperationResult.ValueOrDefault
[       OK ] OperationResult.ValueOrDefault (0 ms)
[ RUN      ] OperationResult.DiagnosticsTravel
[       OK ] OperationResult.DiagnosticsTravel (0 ms)
[----------] 5 tests from OperationResult (0 ms total)

[----------] 3 tests from DiagnosticScope
[ RUN      ] DiagnosticScope.NestedNoLeak
[       OK ] DiagnosticScope.NestedNoLeak (0 ms)
[ RUN      ] DiagnosticScope.MakeResultSuccess
[       OK ] DiagnosticScope.MakeResultSuccess (0 ms)
[ RUN      ] DiagnosticScope.MakeFailureOnError
[       OK ] DiagnosticScope.MakeFailureOnError (0 ms)
[----------] 3 tests from DiagnosticScope (0 ms total)

[----------] 3 tests from ContextIsolation
[ RUN      ] ContextIsolation.DiagIndependent
[       OK ] ContextIsolation.DiagIndependent (0 ms)
[ RUN      ] ContextIsolation.TagsIndependent
[       OK ] ContextIsolation.TagsIndependent (0 ms)
[ RUN      ] ContextIsolation.UnitsIndependent
[       OK ] ContextIsolation.UnitsIndependent (0 ms)
[----------] 3 tests from ContextIsolation (0 ms total)

[----------] 4 tests from Units
[ RUN      ] Units.InchToMM
[       OK ] Units.InchToMM (0 ms)
[ RUN      ] Units.DegreeToRadian
[       OK ] Units.DegreeToRadian (0 ms)
[ RUN      ] Units.RoundTrip
[       OK ] Units.RoundTrip (0 ms)
[ RUN      ] Units.MeterToMM
[       OK ] Units.MeterToMM (0 ms)
[----------] 4 tests from Units (0 ms total)

[----------] 3 tests from Schema
[ RUN      ] Schema.UnknownVersionRejected
[       OK ] Schema.UnknownVersionRejected (0 ms)
[ RUN      ] Schema.HeaderRoundTrip
[       OK ] Schema.HeaderRoundTrip (0 ms)
[ RUN      ] Schema.CompatibleVersionLoads
[       OK ] Schema.CompatibleVersionLoads (0 ms)
[----------] 3 tests from Schema (0 ms total)

[----------] 5 tests from Validation
[ RUN      ] Validation.RejectNaN
[       OK ] Validation.RejectNaN (0 ms)
[ RUN      ] Validation.RejectInf
[       OK ] Validation.RejectInf (0 ms)
[ RUN      ] Validation.RejectNegInf
[       OK ] Validation.RejectNegInf (0 ms)
[ RUN      ] Validation.RejectNaNVec
[       OK ] Validation.RejectNaNVec (0 ms)
[ RUN      ] Validation.AcceptValid
[       OK ] Validation.AcceptValid (0 ms)
[----------] 5 tests from Validation (0 ms total)

[----------] 3 tests from GeomQuality
[ RUN      ] GeomQuality.BoxNeverDegraded
[       OK ] GeomQuality.BoxNeverDegraded (0 ms)
[ RUN      ] GeomQuality.SphereNeverDegraded
[       OK ] GeomQuality.SphereNeverDegraded (0 ms)
[ RUN      ] GeomQuality.CylinderNeverDegraded
[       OK ] GeomQuality.CylinderNeverDegraded (0 ms)
[----------] 3 tests from GeomQuality (0 ms total)

[----------] Global test environment tear-down
[==========] 57 tests from 10 test suites ran. (1 ms total)
[  PASSED  ] 57 tests.
<end of output>
Test time =   0.04 sec
----------------------------------------------------------
Test Passed.
"test_foundation_production" end time: Apr 16 11:53 Newfoundland Summer Time
"test_foundation_production" time elapsed: 00:00:00
----------------------------------------------------------

14/15 Testing: test_foundation_battle
14/15 Test: test_foundation_battle
Command: "C:/Users/AbhinavPutta/Desktop/projects/oreoCAD/oreo-kernel/build_msvc/Release/test_foundation_battle.exe"
Directory: C:/Users/AbhinavPutta/Desktop/projects/oreoCAD/oreo-kernel/build_msvc
"test_foundation_battle" start time: Apr 16 11:53 Newfoundland Summer Time
Output:
----------------------------------------------------------
Running main() from C:\vcpkg\buildtrees\gtest\src\v1.17.0-0c449efaff.clean\googletest\src\gtest_main.cc
[==========] Running 89 tests from 13 test suites.
[----------] Global test environment set-up.
[----------] 6 tests from DiagScope
[ RUN      ] DiagScope.ClearWhileScopeLive
[       OK ] DiagScope.ClearWhileScopeLive (0 ms)
[ RUN      ] DiagScope.NestedScopeClearContext
[       OK ] DiagScope.NestedScopeClearContext (0 ms)
[ RUN      ] DiagScope.InterleavedScopes
[       OK ] DiagScope.InterleavedScopes (0 ms)
[ RUN      ] DiagScope.MakeResultWithErrors
[       OK ] DiagScope.MakeResultWithErrors (0 ms)
[ RUN      ] DiagScope.MakeResultClean
[       OK ] DiagScope.MakeResultClean (0 ms)
[ RUN      ] DiagScope.ComposedHole
[       OK ] DiagScope.ComposedHole (9 ms)
[----------] 6 tests from DiagScope (9 ms total)

[----------] 5 tests from OperationResult
[ RUN      ] OperationResult.SuccessCarriesValue
[       OK ] OperationResult.SuccessCarriesValue (0 ms)
[ RUN      ] OperationResult.FailureThrowsOnValue
[       OK ] OperationResult.FailureThrowsOnValue (0 ms)
[ RUN      ] OperationResult.ValueOrReturnsDefault
[       OK ] OperationResult.ValueOrReturnsDefault (0 ms)
[ RUN      ] OperationResult.DiagnosticsTravelWithMakeBoxNegative
[       OK ] OperationResult.DiagnosticsTravelWithMakeBoxNegative (0 ms)
[ RUN      ] OperationResult.MoveSemantics
[       OK ] OperationResult.MoveSemantics (0 ms)
[----------] 5 tests from OperationResult (0 ms total)

[----------] 5 tests from KernelContext
[ RUN      ] KernelContext.IsolatedDiagnostics
[       OK ] KernelContext.IsolatedDiagnostics (0 ms)
[ RUN      ] KernelContext.IsolatedTags
[       OK ] KernelContext.IsolatedTags (0 ms)
[ RUN      ] KernelContext.IsolatedUnits
[       OK ] KernelContext.IsolatedUnits (0 ms)
[ RUN      ] KernelContext.ToleranceAccessor
[       OK ] KernelContext.ToleranceAccessor (0 ms)
[ RUN      ] KernelContext.SchemasAccessor
[       OK ] KernelContext.SchemasAccessor (0 ms)
[----------] 5 tests from KernelContext (0 ms total)

[----------] 6 tests from TagAllocatorBattle
[ RUN      ] TagAllocatorBattle.Sequential
[       OK ] TagAllocatorBattle.Sequential (0 ms)
[ RUN      ] TagAllocatorBattle.MultiDocNoCollision
[       OK ] TagAllocatorBattle.MultiDocNoCollision (0 ms)
[ RUN      ] TagAllocatorBattle.OverflowThrows
[       OK ] TagAllocatorBattle.OverflowThrows (0 ms)
[ RUN      ] TagAllocatorBattle.SingleDocNoOverflow
[       OK ] TagAllocatorBattle.SingleDocNoOverflow (0 ms)
[ RUN      ] TagAllocatorBattle.ResetDeterministic
[       OK ] TagAllocatorBattle.ResetDeterministic (0 ms)
[ RUN      ] TagAllocatorBattle.ToOcctTagTruncation
[       OK ] TagAllocatorBattle.ToOcctTagTruncation (0 ms)
[----------] 6 tests from TagAllocatorBattle (0 ms total)

[----------] 15 tests from ValidationBattle
[ RUN      ] ValidationBattle.RequirePositiveNaN
[       OK ] ValidationBattle.RequirePositiveNaN (0 ms)
[ RUN      ] ValidationBattle.RequirePositiveInf
[       OK ] ValidationBattle.RequirePositiveInf (0 ms)
[ RUN      ] ValidationBattle.RequirePositiveZero
[       OK ] ValidationBattle.RequirePositiveZero (0 ms)
[ RUN      ] ValidationBattle.RequireNonNegativeNegInf
[       OK ] ValidationBattle.RequireNonNegativeNegInf (0 ms)
[ RUN      ] ValidationBattle.RequireInRangeNaN
[       OK ] ValidationBattle.RequireInRangeNaN (0 ms)
[ RUN      ] ValidationBattle.RequireInRangeNaNBounds
[       OK ] ValidationBattle.RequireInRangeNaNBounds (0 ms)
[ RUN      ] ValidationBattle.RequireFinitePointNaN
[       OK ] ValidationBattle.RequireFinitePointNaN (0 ms)
[ RUN      ] ValidationBattle.RequireFinitePointValid
[       OK ] ValidationBattle.RequireFinitePointValid (0 ms)
[ RUN      ] ValidationBattle.RequireValidAxisNaN
[       OK ] ValidationBattle.RequireValidAxisNaN (0 ms)
[ RUN      ] ValidationBattle.RequireValidAxisValid
[       OK ] ValidationBattle.RequireValidAxisValid (0 ms)
[ RUN      ] ValidationBattle.RequireValidAxis2Valid
[       OK ] ValidationBattle.RequireValidAxis2Valid (0 ms)
[ RUN      ] ValidationBattle.RequireValidLengthUnitValid
[       OK ] ValidationBattle.RequireValidLengthUnitValid (0 ms)
[ RUN      ] ValidationBattle.RequireValidLengthUnitBogus
[       OK ] ValidationBattle.RequireValidLengthUnitBogus (0 ms)
[ RUN      ] ValidationBattle.RequireValidAngleUnit
[       OK ] ValidationBattle.RequireValidAngleUnit (0 ms)
[ RUN      ] ValidationBattle.RequireNonZeroVecNaN
[       OK ] ValidationBattle.RequireNonZeroVecNaN (0 ms)
[----------] 15 tests from ValidationBattle (0 ms total)

[----------] 5 tests from UnitConversionBattle
[ RUN      ] UnitConversionBattle.LengthCheckedNaN
[       OK ] UnitConversionBattle.LengthCheckedNaN (0 ms)
[ RUN      ] UnitConversionBattle.LengthCheckedInf
[       OK ] UnitConversionBattle.LengthCheckedInf (0 ms)
[ RUN      ] UnitConversionBattle.LengthCheckedValid
[       OK ] UnitConversionBattle.LengthCheckedValid (0 ms)
[ RUN      ] UnitConversionBattle.AngleCheckedNaN
[       OK ] UnitConversionBattle.AngleCheckedNaN (0 ms)
[ RUN      ] UnitConversionBattle.AngleCheckedDegreeValid
[       OK ] UnitConversionBattle.AngleCheckedDegreeValid (0 ms)
[----------] 5 tests from UnitConversionBattle (0 ms total)

[----------] 7 tests from SchemaBattle
[ RUN      ] SchemaBattle.FromJsonMissingFields
[       OK ] SchemaBattle.FromJsonMissingFields (0 ms)
[ RUN      ] SchemaBattle.FromJsonEmptyObject
[       OK ] SchemaBattle.FromJsonEmptyObject (0 ms)
[ RUN      ] SchemaBattle.FromJsonWrongType
[       OK ] SchemaBattle.FromJsonWrongType (0 ms)
[ RUN      ] SchemaBattle.CyclicMigrationThrows
[       OK ] SchemaBattle.CyclicMigrationThrows (0 ms)
[ RUN      ] SchemaBattle.MigrationChainExecutes
[       OK ] SchemaBattle.MigrationChainExecutes (0 ms)
[ RUN      ] SchemaBattle.UnknownTypeRejected
[       OK ] SchemaBattle.UnknownTypeRejected (0 ms)
[ RUN      ] SchemaBattle.ParseMalformedVersion
[       OK ] SchemaBattle.ParseMalformedVersion (0 ms)
[----------] 7 tests from SchemaBattle (0 ms total)

[----------] 3 tests from ThreadingBattle
[ RUN      ] ThreadingBattle.FourContextsIndependent
[       OK ] ThreadingBattle.FourContextsIndependent (0 ms)
[ RUN      ] ThreadingBattle.ConcurrentInitOCCT
[       OK ] ThreadingBattle.ConcurrentInitOCCT (0 ms)
[ RUN      ] ThreadingBattle.DiagnosticsIsolated
[       OK ] ThreadingBattle.DiagnosticsIsolated (0 ms)
[----------] 3 tests from ThreadingBattle (1 ms total)

[----------] 8 tests from BooleanBattle
[ RUN      ] BooleanBattle.FuzzyToleranceApplied
[       OK ] BooleanBattle.FuzzyToleranceApplied (3 ms)
[ RUN      ] BooleanBattle.AllRetriesExhausted
[       OK ] BooleanBattle.AllRetriesExhausted (0 ms)
[ RUN      ] BooleanBattle.NullInputA
[       OK ] BooleanBattle.NullInputA (0 ms)
[ RUN      ] BooleanBattle.NullInputB
[       OK ] BooleanBattle.NullInputB (0 ms)
[ RUN      ] BooleanBattle.TinyVsLarge
[       OK ] BooleanBattle.TinyVsLarge (3 ms)
[ RUN      ] BooleanBattle.PatternFuseFailure
[       OK ] BooleanBattle.PatternFuseFailure (0 ms)
[ RUN      ] BooleanBattle.CompoundExpanded
[       OK ] BooleanBattle.CompoundExpanded (6 ms)
[ RUN      ] BooleanBattle.AutoFuzzyNaNExtent
[       OK ] BooleanBattle.AutoFuzzyNaNExtent (0 ms)
[----------] 8 tests from BooleanBattle (13 ms total)

[----------] 14 tests from GeomBattle
[ RUN      ] GeomBattle.HoleCorrectSizeInch
[       OK ] GeomBattle.HoleCorrectSizeInch (4 ms)
[ RUN      ] GeomBattle.HoleThroughLargeShape
[       OK ] GeomBattle.HoleThroughLargeShape (3 ms)
[ RUN      ] GeomBattle.SplitBodyLargeShape
[       OK ] GeomBattle.SplitBodyLargeShape (2 ms)
[ RUN      ] GeomBattle.FilletNullEdges
[       OK ] GeomBattle.FilletNullEdges (0 ms)
[ RUN      ] GeomBattle.LoftNullProfiles
[       OK ] GeomBattle.LoftNullProfiles (0 ms)
[ RUN      ] GeomBattle.ZeroDimBox
[       OK ] GeomBattle.ZeroDimBox (0 ms)
[ RUN      ] GeomBattle.SolidAsWire
[       OK ] GeomBattle.SolidAsWire (0 ms)
[ RUN      ] GeomBattle.NullToAabb
[       OK ] GeomBattle.NullToAabb (0 ms)
[ RUN      ] GeomBattle.NullToGetFaces
[       OK ] GeomBattle.NullToGetFaces (0 ms)
[ RUN      ] GeomBattle.NullToGetEdges
[       OK ] GeomBattle.NullToGetEdges (0 ms)
[ RUN      ] GeomBattle.NullToMassProperties
[       OK ] GeomBattle.NullToMassProperties (0 ms)
[ RUN      ] GeomBattle.WedgeNegativeLtx
[       OK ] GeomBattle.WedgeNegativeLtx (0 ms)
[ RUN      ] GeomBattle.RevolveNegativeAngle
[       OK ] GeomBattle.RevolveNegativeAngle (0 ms)
[ RUN      ] GeomBattle.ExtrudeZeroVector
[       OK ] GeomBattle.ExtrudeZeroVector (0 ms)
[----------] 14 tests from GeomBattle (11 ms total)

[----------] 4 tests from ShapeHealingBattle
[ RUN      ] ShapeHealingBattle.ValidShapeNotModified
[       OK ] ShapeHealingBattle.ValidShapeNotModified (0 ms)
[ RUN      ] ShapeHealingBattle.NullShapeReturnsFalse
[       OK ] ShapeHealingBattle.NullShapeReturnsFalse (0 ms)
[ RUN      ] ShapeHealingBattle.AcceptsTolerancePolicy
[       OK ] ShapeHealingBattle.AcceptsTolerancePolicy (0 ms)
[ RUN      ] ShapeHealingBattle.ExceptionDoesNotCorrupt
[       OK ] ShapeHealingBattle.ExceptionDoesNotCorrupt (1 ms)
[----------] 4 tests from ShapeHealingBattle (3 ms total)

[----------] 3 tests from OcctScopeGuardBattle
[ RUN      ] OcctScopeGuardBattle.RestoresOnExit
[       OK ] OcctScopeGuardBattle.RestoresOnExit (0 ms)
[ RUN      ] OcctScopeGuardBattle.NestedGuards
[       OK ] OcctScopeGuardBattle.NestedGuards (0 ms)
[ RUN      ] OcctScopeGuardBattle.NonExistentKey
[       OK ] OcctScopeGuardBattle.NonExistentKey (0 ms)
[----------] 3 tests from OcctScopeGuardBattle (0 ms total)

[----------] 8 tests from SketchBattle
[ RUN      ] SketchBattle.ConflictingConstraints
[       OK ] SketchBattle.ConflictingConstraints (0 ms)
[ RUN      ] SketchBattle.RedundantConstraints
[       OK ] SketchBattle.RedundantConstraints (0 ms)
[ RUN      ] SketchBattle.NearCoincidentPoints
[       OK ] SketchBattle.NearCoincidentPoints (0 ms)
[ RUN      ] SketchBattle.LargeCoordinates
[       OK ] SketchBattle.LargeCoordinates (0 ms)
[ RUN      ] SketchBattle.SmallCoordinates
[       OK ] SketchBattle.SmallCoordinates (0 ms)
[ RUN      ] SketchBattle.ManyConstraintsPerformance
[       OK ] SketchBattle.ManyConstraintsPerformance (0 ms)
[ RUN      ] SketchBattle.ZeroRadiusCircle
[       OK ] SketchBattle.ZeroRadiusCircle (0 ms)
[ RUN      ] SketchBattle.EmptySketchToWire
[       OK ] SketchBattle.EmptySketchToWire (0 ms)
[----------] 8 tests from SketchBattle (1 ms total)

[----------] Global test environment tear-down
[==========] 89 tests from 13 test suites ran. (41 ms total)
[  PASSED  ] 89 tests.
<end of output>
Test time =   0.11 sec
----------------------------------------------------------
Test Passed.
"test_foundation_battle" end time: Apr 16 11:53 Newfoundland Summer Time
"test_foundation_battle" time elapsed: 00:00:00
----------------------------------------------------------

15/15 Testing: test_foundation_battle2
15/15 Test: test_foundation_battle2
Command: "C:/Users/AbhinavPutta/Desktop/projects/oreoCAD/oreo-kernel/build_msvc/Release/test_foundation_battle2.exe"
Directory: C:/Users/AbhinavPutta/Desktop/projects/oreoCAD/oreo-kernel/build_msvc
"test_foundation_battle2" start time: Apr 16 11:53 Newfoundland Summer Time
Output:
----------------------------------------------------------
Running main() from C:\vcpkg\buildtrees\gtest\src\v1.17.0-0c449efaff.clean\googletest\src\gtest_main.cc
[==========] Running 58 tests from 8 test suites.
[----------] Global test environment set-up.
[----------] 5 tests from NameStability
[ RUN      ] NameStability.Names_RebuildSameOpsSameNames
[       OK ] NameStability.Names_RebuildSameOpsSameNames (4 ms)
[ RUN      ] NameStability.Names_ParameterChangePreservesUpstream
[       OK ] NameStability.Names_ParameterChangePreservesUpstream (4 ms)
[ RUN      ] NameStability.Names_FilletUnaffectedFacesStable
[       OK ] NameStability.Names_FilletUnaffectedFacesStable (1 ms)
[ RUN      ] NameStability.Names_DeterministicAcrossContexts
[       OK ] NameStability.Names_DeterministicAcrossContexts (0 ms)
[ RUN      ] NameStability.Names_NoEmptyNamesInChain
[       OK ] NameStability.Names_NoEmptyNamesInChain (3 ms)
[----------] 5 tests from NameStability (14 ms total)

[----------] 4 tests from DeepHistory
[ RUN      ] DeepHistory.History_TenOperationChain
[       OK ] DeepHistory.History_TenOperationChain (12 ms)
[ RUN      ] DeepHistory.History_SerializeDeserializePreservesNames
[       OK ] DeepHistory.History_SerializeDeserializePreservesNames (2 ms)
[ RUN      ] DeepHistory.History_TraceHistoryBoolean
[       OK ] DeepHistory.History_TraceHistoryBoolean (5 ms)
[ RUN      ] DeepHistory.History_TraceHistoryFillet
[       OK ] DeepHistory.History_TraceHistoryFillet (1 ms)
[----------] 4 tests from DeepHistory (22 ms total)

[----------] 6 tests from ElementMapIntegrity
[ RUN      ] ElementMapIntegrity.EMap_CountMatchesTopology
[       OK ] ElementMapIntegrity.EMap_CountMatchesTopology (1 ms)
[ RUN      ] ElementMapIntegrity.EMap_NoDuplicateMappedNames
[       OK ] ElementMapIntegrity.EMap_NoDuplicateMappedNames (2 ms)
[ RUN      ] ElementMapIntegrity.EMap_ChildMapsInPattern
[       OK ] ElementMapIntegrity.EMap_ChildMapsInPattern (7 ms)
[ RUN      ] ElementMapIntegrity.EMap_NullShapeHandled
[       OK ] ElementMapIntegrity.EMap_NullShapeHandled (0 ms)
[ RUN      ] ElementMapIntegrity.EMap_DuplicateTagDisambiguated
[       OK ] ElementMapIntegrity.EMap_DuplicateTagDisambiguated (3 ms)
[ RUN      ] ElementMapIntegrity.EMap_Tag0Semantics
[       OK ] ElementMapIntegrity.EMap_Tag0Semantics (0 ms)
[----------] 6 tests from ElementMapIntegrity (15 ms total)

[----------] 4 tests from EMapSerialization
[ RUN      ] EMapSerialization.EMapSerial_RoundTrip
[       OK ] EMapSerialization.EMapSerial_RoundTrip (0 ms)
[ RUN      ] EMapSerialization.EMapSerial_ChildMapRoundTrip
[       OK ] EMapSerialization.EMapSerial_ChildMapRoundTrip (0 ms)
[ RUN      ] EMapSerialization.EMapSerial_LargeTagValue
[       OK ] EMapSerialization.EMapSerial_LargeTagValue (0 ms)
[ RUN      ] EMapSerialization.EMapSerial_IndexedNameBoundary
[       OK ] EMapSerialization.EMapSerial_IndexedNameBoundary (0 ms)
[----------] 4 tests from EMapSerialization (0 ms total)

[----------] 3 tests from StringHasher
[ RUN      ] StringHasher.Hasher_RoundTrip
[       OK ] StringHasher.Hasher_RoundTrip (0 ms)
[ RUN      ] StringHasher.Hasher_DifferentStrings
[       OK ] StringHasher.Hasher_DifferentStrings (0 ms)
[ RUN      ] StringHasher.Hasher_EmptyString
[       OK ] StringHasher.Hasher_EmptyString (0 ms)
[----------] 3 tests from StringHasher (0 ms total)

[----------] 5 tests from EMapAdversarial
[ RUN      ] EMapAdversarial.EMapAdverse_VeryLongNameChain
[       OK ] EMapAdversarial.EMapAdverse_VeryLongNameChain (0 ms)
[ RUN      ] EMapAdversarial.EMapAdverse_MaxTagInName
[       OK ] EMapAdversarial.EMapAdverse_MaxTagInName (0 ms)
[ RUN      ] EMapAdversarial.EMapAdverse_NegativeIndex
[       OK ] EMapAdversarial.EMapAdverse_NegativeIndex (0 ms)
[ RUN      ] EMapAdversarial.EMapAdverse_TraceHistoryDepthLimit
[       OK ] EMapAdversarial.EMapAdverse_TraceHistoryDepthLimit (546 ms)
[ RUN      ] EMapAdversarial.EMapAdverse_TypeCountersAfterDeserialize
[       OK ] EMapAdversarial.EMapAdverse_TypeCountersAfterDeserialize (0 ms)
[----------] 5 tests from EMapAdversarial (546 ms total)

[----------] 25 tests from CAPIBoundary
[ RUN      ] CAPIBoundary.NullSafe_Extrude
[       OK ] CAPIBoundary.NullSafe_Extrude (0 ms)
[ RUN      ] CAPIBoundary.NullSafe_BooleanUnion
[       OK ] CAPIBoundary.NullSafe_BooleanUnion (0 ms)
[ RUN      ] CAPIBoundary.NullSafe_Fillet
[       OK ] CAPIBoundary.NullSafe_Fillet (0 ms)
[ RUN      ] CAPIBoundary.NullSafe_Serialize
[       OK ] CAPIBoundary.NullSafe_Serialize (0 ms)
[ RUN      ] CAPIBoundary.NullSafe_Deserialize
[       OK ] CAPIBoundary.NullSafe_Deserialize (0 ms)
[ RUN      ] CAPIBoundary.NullSafe_ImportStep
[       OK ] CAPIBoundary.NullSafe_ImportStep (0 ms)
[ RUN      ] CAPIBoundary.NullSafe_FaceCount
[       OK ] CAPIBoundary.NullSafe_FaceCount (0 ms)
[ RUN      ] CAPIBoundary.NullSafe_MassProperties
[       OK ] CAPIBoundary.NullSafe_MassProperties (0 ms)
[ RUN      ] CAPIBoundary.NullSafe_AABB
[       OK ] CAPIBoundary.NullSafe_AABB (0 ms)
[ RUN      ] CAPIBoundary.NullSafe_CtxExtrude
[       OK ] CAPIBoundary.NullSafe_CtxExtrude (0 ms)
[ RUN      ] CAPIBoundary.NullSafe_FreeSolid
[       OK ] CAPIBoundary.NullSafe_FreeSolid (0 ms)
[ RUN      ] CAPIBoundary.NullSafe_FreeBuffer
[       OK ] CAPIBoundary.NullSafe_FreeBuffer (0 ms)
[ RUN      ] CAPIBoundary.ExceptionBoundary_NaN
[       OK ] CAPIBoundary.ExceptionBoundary_NaN (0 ms)
[ RUN      ] CAPIBoundary.ExceptionBoundary_GarbageDeserialize
[       OK ] CAPIBoundary.ExceptionBoundary_GarbageDeserialize (0 ms)
[ RUN      ] CAPIBoundary.ExceptionBoundary_LastErrorAfterFailure
[       OK ] CAPIBoundary.ExceptionBoundary_LastErrorAfterFailure (0 ms)
[ RUN      ] CAPIBoundary.ExceptionBoundary_LastErrorAfterSuccess
[       OK ] CAPIBoundary.ExceptionBoundary_LastErrorAfterSuccess (0 ms)
[ RUN      ] CAPIBoundary.ExceptionBoundary_ExtremeValues
[       OK ] CAPIBoundary.ExceptionBoundary_ExtremeValues (0 ms)
[ RUN      ] CAPIBoundary.Lifecycle_InitShutdownInit
[       OK ] CAPIBoundary.Lifecycle_InitShutdownInit (0 ms)
[ RUN      ] CAPIBoundary.Lifecycle_ContextCreateFree
[       OK ] CAPIBoundary.Lifecycle_ContextCreateFree (0 ms)
[ RUN      ] CAPIBoundary.Lifecycle_ContextNullSafe
[       OK ] CAPIBoundary.Lifecycle_ContextNullSafe (0 ms)
[ RUN      ] CAPIBoundary.Lifecycle_ConstraintEnumBounds
[       OK ] CAPIBoundary.Lifecycle_ConstraintEnumBounds (0 ms)
[ RUN      ] CAPIBoundary.ContextAware_MakeBoxNaN
[       OK ] CAPIBoundary.ContextAware_MakeBoxNaN (0 ms)
[ RUN      ] CAPIBoundary.ContextAware_BooleanSubtractNullTool
[       OK ] CAPIBoundary.ContextAware_BooleanSubtractNullTool (0 ms)
[ RUN      ] CAPIBoundary.ContextAware_ErrorCount
[       OK ] CAPIBoundary.ContextAware_ErrorCount (0 ms)
[ RUN      ] CAPIBoundary.ContextReuse_100BoxCycle
[       OK ] CAPIBoundary.ContextReuse_100BoxCycle (2 ms)
[----------] 25 tests from CAPIBoundary (3 ms total)

[----------] 6 tests from Pipeline
[ RUN      ] Pipeline.Pipeline_BoxExtrudeFilletSerializeDeserialize
[       OK ] Pipeline.Pipeline_BoxExtrudeFilletSerializeDeserialize (3 ms)
[ RUN      ] Pipeline.Pipeline_FailureThenSuccess
[       OK ] Pipeline.Pipeline_FailureThenSuccess (0 ms)
[ RUN      ] Pipeline.Pipeline_StepExportImportFaceCount

*******************************************************************
******        Statistics on Transfer (Write)                 ******

*******************************************************************
******        Transfer Mode = 0  I.E.  As Is       ******
******        Transferring Shape, ShapeType = 2                      ******
** WorkSession : Sending all data
 Step File Name : C:\Users\ABHINA~1\AppData\Local\Temp\oreo_export_0_7504595595141211367.step(350 ents)  Write  Done
[       OK ] Pipeline.Pipeline_StepExportImportFaceCount (71 ms)
[ RUN      ] Pipeline.Pipeline_SketchSolveToWireExtrude
[       OK ] Pipeline.Pipeline_SketchSolveToWireExtrude (1 ms)
[ RUN      ] Pipeline.Pipeline_DiagAccumulationBounded
[       OK ] Pipeline.Pipeline_DiagAccumulationBounded (25 ms)
[ RUN      ] Pipeline.Pipeline_ContextReuseLongSession
[       OK ] Pipeline.Pipeline_ContextReuseLongSession (9 ms)
[----------] 6 tests from Pipeline (112 ms total)

[----------] Global test environment tear-down
[==========] 58 tests from 8 test suites ran. (714 ms total)
[  PASSED  ] 58 tests.
<end of output>
Test time =   0.75 sec
----------------------------------------------------------
Test Passed.
"test_foundation_battle2" end time: Apr 16 11:53 Newfoundland Summer Time
"test_foundation_battle2" time elapsed: 00:00:00
----------------------------------------------------------

End testing: Apr 16 11:53 Newfoundland Summer Time
